{"E:\\Futureproof\\goodREACTions\\client\\src\\App.jsx": {"path":"E:\\Futureproof\\goodREACTions\\client\\src\\App.jsx","statementMap":{"0":{"start":{"line":9,"column":22},"end":{"line":9,"column":49}},"1":{"start":{"line":11,"column":26},"end":{"line":11,"column":59}},"2":{"start":{"line":11,"column":32},"end":{"line":11,"column":59}},"3":{"start":{"line":14,"column":29},"end":{"line":14,"column":48}},"4":{"start":{"line":16,"column":2},"end":{"line":27,"column":8}},"5":{"start":{"line":17,"column":30},"end":{"line":24,"column":5}},"6":{"start":{"line":18,"column":6},"end":{"line":23,"column":7}},"7":{"start":{"line":19,"column":23},"end":{"line":19,"column":131}},"8":{"start":{"line":19,"column":87},"end":{"line":19,"column":97}},"9":{"start":{"line":19,"column":112},"end":{"line":19,"column":130}},"10":{"start":{"line":20,"column":8},"end":{"line":20,"column":63}},"11":{"start":{"line":22,"column":8},"end":{"line":22,"column":28}},"12":{"start":{"line":26,"column":4},"end":{"line":26,"column":23}},"13":{"start":{"line":29,"column":2},"end":{"line":42,"column":3}}},"fnMap":{"0":{"name":"(anonymous_0)","decl":{"start":{"line":11,"column":26},"end":{"line":11,"column":27}},"loc":{"start":{"line":11,"column":32},"end":{"line":11,"column":59}},"line":11},"1":{"name":"App","decl":{"start":{"line":13,"column":9},"end":{"line":13,"column":12}},"loc":{"start":{"line":13,"column":15},"end":{"line":43,"column":1}},"line":13},"2":{"name":"(anonymous_2)","decl":{"start":{"line":16,"column":12},"end":{"line":16,"column":13}},"loc":{"start":{"line":16,"column":18},"end":{"line":27,"column":3}},"line":16},"3":{"name":"(anonymous_3)","decl":{"start":{"line":17,"column":30},"end":{"line":17,"column":31}},"loc":{"start":{"line":17,"column":42},"end":{"line":24,"column":5}},"line":17},"4":{"name":"(anonymous_4)","decl":{"start":{"line":19,"column":80},"end":{"line":19,"column":81}},"loc":{"start":{"line":19,"column":87},"end":{"line":19,"column":97}},"line":19},"5":{"name":"(anonymous_5)","decl":{"start":{"line":19,"column":105},"end":{"line":19,"column":106}},"loc":{"start":{"line":19,"column":112},"end":{"line":19,"column":130}},"line":19}},"branchMap":{},"s":{"0":3,"1":3,"2":0,"3":0,"4":0,"5":0,"6":0,"7":0,"8":0,"9":0,"10":0,"11":0,"12":0,"13":0},"f":{"0":0,"1":0,"2":0,"3":0,"4":0,"5":0},"b":{},"_coverageSchema":"1a1c01bbd47fc00a2c39e90264f33305004495a9","hash":"7f267e91f404bd27fe9ce6addfba624b7efc8715"}
,"E:\\Futureproof\\goodREACTions\\client\\src\\components\\Index.jsx": {"path":"E:\\Futureproof\\goodREACTions\\client\\src\\components\\Index.jsx","statementMap":{},"fnMap":{},"branchMap":{},"s":{},"f":{},"b":{},"_coverageSchema":"1a1c01bbd47fc00a2c39e90264f33305004495a9","hash":"178a05c9b8db14471a22d902dd4638a79895bfe1"}
,"E:\\Futureproof\\goodREACTions\\client\\src\\components\\Clock\\index.jsx": {"path":"E:\\Futureproof\\goodREACTions\\client\\src\\components\\Clock\\index.jsx","statementMap":{"0":{"start":{"line":3,"column":14},"end":{"line":7,"column":1}},"1":{"start":{"line":4,"column":2},"end":{"line":6,"column":3}}},"fnMap":{"0":{"name":"(anonymous_0)","decl":{"start":{"line":3,"column":14},"end":{"line":3,"column":15}},"loc":{"start":{"line":3,"column":20},"end":{"line":7,"column":1}},"line":3}},"branchMap":{},"s":{"0":3,"1":0},"f":{"0":0},"b":{},"_coverageSchema":"1a1c01bbd47fc00a2c39e90264f33305004495a9","hash":"02be493c8682536f940b686352731ed6913de8f0"}
,"E:\\Futureproof\\goodREACTions\\client\\src\\components\\Header\\index.jsx": {"path":"E:\\Futureproof\\goodREACTions\\client\\src\\components\\Header\\index.jsx","statementMap":{"0":{"start":{"line":6,"column":15},"end":{"line":13,"column":1}},"1":{"start":{"line":7,"column":2},"end":{"line":12,"column":3}}},"fnMap":{"0":{"name":"(anonymous_0)","decl":{"start":{"line":6,"column":15},"end":{"line":6,"column":16}},"loc":{"start":{"line":6,"column":21},"end":{"line":13,"column":1}},"line":6}},"branchMap":{},"s":{"0":3,"1":0},"f":{"0":0},"b":{},"_coverageSchema":"1a1c01bbd47fc00a2c39e90264f33305004495a9","hash":"5823bcbe3ec01cce1ded117d4d44612c889695a0"}
,"E:\\Futureproof\\goodREACTions\\client\\src\\components\\LeaderBoard\\index.jsx": {"path":"E:\\Futureproof\\goodREACTions\\client\\src\\components\\LeaderBoard\\index.jsx","statementMap":{"0":{"start":{"line":3,"column":20},"end":{"line":7,"column":1}},"1":{"start":{"line":4,"column":2},"end":{"line":6,"column":3}}},"fnMap":{"0":{"name":"(anonymous_0)","decl":{"start":{"line":3,"column":20},"end":{"line":3,"column":21}},"loc":{"start":{"line":3,"column":26},"end":{"line":7,"column":1}},"line":3}},"branchMap":{},"s":{"0":3,"1":0},"f":{"0":0},"b":{},"_coverageSchema":"1a1c01bbd47fc00a2c39e90264f33305004495a9","hash":"c556d5ecf855d4304ea29b6f11f718003eb7c069"}
,"E:\\Futureproof\\goodREACTions\\client\\src\\components\\Lifeline\\index.jsx": {"path":"E:\\Futureproof\\goodREACTions\\client\\src\\components\\Lifeline\\index.jsx","statementMap":{"0":{"start":{"line":3,"column":17},"end":{"line":7,"column":1}},"1":{"start":{"line":4,"column":2},"end":{"line":6,"column":3}}},"fnMap":{"0":{"name":"(anonymous_0)","decl":{"start":{"line":3,"column":17},"end":{"line":3,"column":18}},"loc":{"start":{"line":3,"column":23},"end":{"line":7,"column":1}},"line":3}},"branchMap":{},"s":{"0":3,"1":0},"f":{"0":0},"b":{},"_coverageSchema":"1a1c01bbd47fc00a2c39e90264f33305004495a9","hash":"2eb27a71c4b50c9adc21560d50f5c1bb1b6c6b9d"}
,"E:\\Futureproof\\goodREACTions\\client\\src\\components\\Logo\\index.jsx": {"path":"E:\\Futureproof\\goodREACTions\\client\\src\\components\\Logo\\index.jsx","statementMap":{"0":{"start":{"line":3,"column":13},"end":{"line":7,"column":1}},"1":{"start":{"line":4,"column":2},"end":{"line":6,"column":3}}},"fnMap":{"0":{"name":"(anonymous_0)","decl":{"start":{"line":3,"column":13},"end":{"line":3,"column":14}},"loc":{"start":{"line":3,"column":19},"end":{"line":7,"column":1}},"line":3}},"branchMap":{},"s":{"0":3,"1":0},"f":{"0":0},"b":{},"_coverageSchema":"1a1c01bbd47fc00a2c39e90264f33305004495a9","hash":"5fdc159f434fd108d0e59d1d4b41a85a9cf29822"}
,"E:\\Futureproof\\goodREACTions\\client\\src\\components\\NavBar\\index.jsx": {"path":"E:\\Futureproof\\goodREACTions\\client\\src\\components\\NavBar\\index.jsx","statementMap":{"0":{"start":{"line":6,"column":15},"end":{"line":17,"column":1}},"1":{"start":{"line":7,"column":21},"end":{"line":7,"column":34}},"2":{"start":{"line":8,"column":4},"end":{"line":16,"column":5}},"3":{"start":{"line":11,"column":46},"end":{"line":11,"column":58}}},"fnMap":{"0":{"name":"(anonymous_0)","decl":{"start":{"line":6,"column":15},"end":{"line":6,"column":16}},"loc":{"start":{"line":6,"column":20},"end":{"line":17,"column":1}},"line":6},"1":{"name":"(anonymous_1)","decl":{"start":{"line":11,"column":40},"end":{"line":11,"column":41}},"loc":{"start":{"line":11,"column":46},"end":{"line":11,"column":58}},"line":11}},"branchMap":{},"s":{"0":4,"1":2,"2":2,"3":0},"f":{"0":2,"1":0},"b":{},"_coverageSchema":"1a1c01bbd47fc00a2c39e90264f33305004495a9","hash":"a72e3990eb97a6aea40187fd136eccd470774a23"}
,"E:\\Futureproof\\goodREACTions\\client\\src\\components\\Player\\index.jsx": {"path":"E:\\Futureproof\\goodREACTions\\client\\src\\components\\Player\\index.jsx","statementMap":{"0":{"start":{"line":3,"column":15},"end":{"line":7,"column":1}},"1":{"start":{"line":4,"column":2},"end":{"line":6,"column":3}}},"fnMap":{"0":{"name":"(anonymous_0)","decl":{"start":{"line":3,"column":15},"end":{"line":3,"column":16}},"loc":{"start":{"line":3,"column":21},"end":{"line":7,"column":1}},"line":3}},"branchMap":{},"s":{"0":3,"1":0},"f":{"0":0},"b":{},"_coverageSchema":"1a1c01bbd47fc00a2c39e90264f33305004495a9","hash":"dd59680677c7f035f71f18a2adba5a8f7445ec3a"}
,"E:\\Futureproof\\goodREACTions\\client\\src\\components\\Podium\\index.jsx": {"path":"E:\\Futureproof\\goodREACTions\\client\\src\\components\\Podium\\index.jsx","statementMap":{"0":{"start":{"line":4,"column":15},"end":{"line":10,"column":1}},"1":{"start":{"line":5,"column":2},"end":{"line":9,"column":3}}},"fnMap":{"0":{"name":"(anonymous_0)","decl":{"start":{"line":4,"column":15},"end":{"line":4,"column":16}},"loc":{"start":{"line":4,"column":37},"end":{"line":10,"column":1}},"line":4}},"branchMap":{"0":{"loc":{"start":{"line":6,"column":30},"end":{"line":6,"column":92}},"type":"cond-expr","locations":[{"start":{"line":6,"column":47},"end":{"line":6,"column":54}},{"start":{"line":6,"column":57},"end":{"line":6,"column":92}}],"line":6},"1":{"loc":{"start":{"line":6,"column":57},"end":{"line":6,"column":92}},"type":"cond-expr","locations":[{"start":{"line":6,"column":74},"end":{"line":6,"column":82}},{"start":{"line":6,"column":85},"end":{"line":6,"column":92}}],"line":6}},"s":{"0":3,"1":0},"f":{"0":0},"b":{"0":[0,0],"1":[0,0]},"_coverageSchema":"1a1c01bbd47fc00a2c39e90264f33305004495a9","hash":"2f88d7d62f2857f3141de5cbe0cdceef206c0aa9"}
,"E:\\Futureproof\\goodREACTions\\client\\src\\components\\QuestionCounter\\index.jsx": {"path":"E:\\Futureproof\\goodREACTions\\client\\src\\components\\QuestionCounter\\index.jsx","statementMap":{"0":{"start":{"line":3,"column":25},"end":{"line":7,"column":1}},"1":{"start":{"line":4,"column":2},"end":{"line":6,"column":3}}},"fnMap":{"0":{"name":"(anonymous_0)","decl":{"start":{"line":3,"column":25},"end":{"line":3,"column":26}},"loc":{"start":{"line":3,"column":31},"end":{"line":7,"column":1}},"line":3}},"branchMap":{},"s":{"0":3,"1":0},"f":{"0":0},"b":{},"_coverageSchema":"1a1c01bbd47fc00a2c39e90264f33305004495a9","hash":"389aa7c347894964f1c7f2ccd8a0780b560101f9"}
,"E:\\Futureproof\\goodREACTions\\client\\src\\components\\RunnerUps\\index.jsx": {"path":"E:\\Futureproof\\goodREACTions\\client\\src\\components\\RunnerUps\\index.jsx","statementMap":{"0":{"start":{"line":3,"column":18},"end":{"line":7,"column":1}},"1":{"start":{"line":4,"column":2},"end":{"line":6,"column":3}}},"fnMap":{"0":{"name":"(anonymous_0)","decl":{"start":{"line":3,"column":18},"end":{"line":3,"column":19}},"loc":{"start":{"line":3,"column":30},"end":{"line":7,"column":1}},"line":3}},"branchMap":{},"s":{"0":3,"1":0},"f":{"0":0},"b":{},"_coverageSchema":"1a1c01bbd47fc00a2c39e90264f33305004495a9","hash":"7d93eeac97fcea3e08b6af12dd860e46a328e6c1"}
,"E:\\Futureproof\\goodREACTions\\client\\src\\context\\index.jsx": {"path":"E:\\Futureproof\\goodREACTions\\client\\src\\context\\index.jsx","statementMap":{"0":{"start":{"line":3,"column":24},"end":{"line":3,"column":39}}},"fnMap":{},"branchMap":{},"s":{"0":3},"f":{},"b":{},"_coverageSchema":"1a1c01bbd47fc00a2c39e90264f33305004495a9","hash":"2edb31fbc8a78d3c735758f1be8c2df1ca50c060"}
,"E:\\Futureproof\\goodREACTions\\client\\src\\pages\\index.jsx": {"path":"E:\\Futureproof\\goodREACTions\\client\\src\\pages\\index.jsx","statementMap":{},"fnMap":{},"branchMap":{},"s":{},"f":{},"b":{},"_coverageSchema":"1a1c01bbd47fc00a2c39e90264f33305004495a9","hash":"b16b8fd91d33abca3234e7f89ded26aff63341b1"}
,"E:\\Futureproof\\goodREACTions\\client\\src\\pages\\Homepage\\index.jsx": {"path":"E:\\Futureproof\\goodREACTions\\client\\src\\pages\\Homepage\\index.jsx","statementMap":{"0":{"start":{"line":7,"column":17},"end":{"line":95,"column":1}},"1":{"start":{"line":9,"column":34},"end":{"line":9,"column":46}},"2":{"start":{"line":10,"column":36},"end":{"line":10,"column":48}},"3":{"start":{"line":12,"column":4},"end":{"line":14,"column":6}},"4":{"start":{"line":13,"column":8},"end":{"line":13,"column":78}},"5":{"start":{"line":16,"column":4},"end":{"line":18,"column":6}},"6":{"start":{"line":17,"column":8},"end":{"line":17,"column":28}},"7":{"start":{"line":22,"column":21},"end":{"line":22,"column":34}},"8":{"start":{"line":25,"column":8},"end":{"line":25,"column":32}},"9":{"start":{"line":28,"column":4},"end":{"line":32,"column":6}},"10":{"start":{"line":29,"column":8},"end":{"line":29,"column":42}},"11":{"start":{"line":30,"column":8},"end":{"line":30,"column":35}},"12":{"start":{"line":31,"column":8},"end":{"line":31,"column":73}},"13":{"start":{"line":39,"column":8},"end":{"line":39,"column":26}},"14":{"start":{"line":40,"column":8},"end":{"line":40,"column":54}},"15":{"start":{"line":44,"column":8},"end":{"line":44,"column":26}},"16":{"start":{"line":45,"column":8},"end":{"line":45,"column":52}},"17":{"start":{"line":51,"column":8},"end":{"line":51,"column":35}},"18":{"start":{"line":55,"column":8},"end":{"line":55,"column":34}},"19":{"start":{"line":58,"column":4},"end":{"line":94,"column":5}}},"fnMap":{"0":{"name":"(anonymous_0)","decl":{"start":{"line":7,"column":17},"end":{"line":7,"column":18}},"loc":{"start":{"line":7,"column":22},"end":{"line":95,"column":1}},"line":7},"1":{"name":"(anonymous_1)","decl":{"start":{"line":12,"column":25},"end":{"line":12,"column":26}},"loc":{"start":{"line":12,"column":31},"end":{"line":14,"column":5}},"line":12},"2":{"name":"(anonymous_2)","decl":{"start":{"line":16,"column":33},"end":{"line":16,"column":34}},"loc":{"start":{"line":16,"column":46},"end":{"line":18,"column":5}},"line":16},"3":{"name":"toLeaderboard","decl":{"start":{"line":24,"column":13},"end":{"line":24,"column":26}},"loc":{"start":{"line":24,"column":28},"end":{"line":26,"column":5}},"line":24},"4":{"name":"(anonymous_4)","decl":{"start":{"line":28,"column":31},"end":{"line":28,"column":32}},"loc":{"start":{"line":28,"column":71},"end":{"line":32,"column":5}},"line":28},"5":{"name":"createGame","decl":{"start":{"line":37,"column":13},"end":{"line":37,"column":23}},"loc":{"start":{"line":37,"column":27},"end":{"line":41,"column":5}},"line":37},"6":{"name":"joinGame","decl":{"start":{"line":43,"column":13},"end":{"line":43,"column":21}},"loc":{"start":{"line":43,"column":24},"end":{"line":46,"column":5}},"line":43},"7":{"name":"updateUsername","decl":{"start":{"line":50,"column":13},"end":{"line":50,"column":27}},"loc":{"start":{"line":50,"column":31},"end":{"line":52,"column":5}},"line":50},"8":{"name":"updateLobbyId","decl":{"start":{"line":54,"column":13},"end":{"line":54,"column":26}},"loc":{"start":{"line":54,"column":30},"end":{"line":56,"column":5}},"line":54}},"branchMap":{},"s":{"0":3,"1":4,"2":4,"3":4,"4":0,"5":4,"6":0,"7":4,"8":0,"9":4,"10":0,"11":0,"12":0,"13":0,"14":0,"15":0,"16":0,"17":0,"18":0,"19":4},"f":{"0":4,"1":0,"2":0,"3":0,"4":0,"5":0,"6":0,"7":0,"8":0},"b":{},"_coverageSchema":"1a1c01bbd47fc00a2c39e90264f33305004495a9","hash":"ebb493766949be4052201b3154a5990c8b7c67fd"}
,"E:\\Futureproof\\goodREACTions\\client\\src\\pages\\Leaderboardpage\\index.jsx": {"path":"E:\\Futureproof\\goodREACTions\\client\\src\\pages\\Leaderboardpage\\index.jsx","statementMap":{"0":{"start":{"line":6,"column":24},"end":{"line":36,"column":1}},"1":{"start":{"line":7,"column":30},"end":{"line":7,"column":63}},"2":{"start":{"line":7,"column":36},"end":{"line":7,"column":63}},"3":{"start":{"line":8,"column":31},"end":{"line":8,"column":50}},"4":{"start":{"line":9,"column":32},"end":{"line":9,"column":47}},"5":{"start":{"line":11,"column":4},"end":{"line":15,"column":23}},"6":{"start":{"line":12,"column":8},"end":{"line":14,"column":9}},"7":{"start":{"line":13,"column":12},"end":{"line":13,"column":27}},"8":{"start":{"line":17,"column":20},"end":{"line":29,"column":5}},"9":{"start":{"line":18,"column":23},"end":{"line":18,"column":60}},"10":{"start":{"line":18,"column":42},"end":{"line":18,"column":59}},"11":{"start":{"line":19,"column":8},"end":{"line":28,"column":9}},"12":{"start":{"line":22,"column":51},"end":{"line":22,"column":120}},"13":{"start":{"line":25,"column":50},"end":{"line":25,"column":123}},"14":{"start":{"line":31,"column":4},"end":{"line":35,"column":5}}},"fnMap":{"0":{"name":"(anonymous_0)","decl":{"start":{"line":6,"column":24},"end":{"line":6,"column":25}},"loc":{"start":{"line":6,"column":29},"end":{"line":36,"column":1}},"line":6},"1":{"name":"(anonymous_1)","decl":{"start":{"line":7,"column":30},"end":{"line":7,"column":31}},"loc":{"start":{"line":7,"column":36},"end":{"line":7,"column":63}},"line":7},"2":{"name":"(anonymous_2)","decl":{"start":{"line":11,"column":14},"end":{"line":11,"column":15}},"loc":{"start":{"line":11,"column":20},"end":{"line":15,"column":5}},"line":11},"3":{"name":"(anonymous_3)","decl":{"start":{"line":17,"column":20},"end":{"line":17,"column":21}},"loc":{"start":{"line":17,"column":29},"end":{"line":29,"column":5}},"line":17},"4":{"name":"(anonymous_4)","decl":{"start":{"line":18,"column":32},"end":{"line":18,"column":33}},"loc":{"start":{"line":18,"column":42},"end":{"line":18,"column":59}},"line":18},"5":{"name":"(anonymous_5)","decl":{"start":{"line":22,"column":32},"end":{"line":22,"column":33}},"loc":{"start":{"line":22,"column":51},"end":{"line":22,"column":120}},"line":22},"6":{"name":"(anonymous_6)","decl":{"start":{"line":25,"column":32},"end":{"line":25,"column":33}},"loc":{"start":{"line":25,"column":50},"end":{"line":25,"column":123}},"line":25}},"branchMap":{"0":{"loc":{"start":{"line":12,"column":8},"end":{"line":14,"column":9}},"type":"if","locations":[{"start":{"line":12,"column":8},"end":{"line":14,"column":9}},{"start":{},"end":{}}],"line":12},"1":{"loc":{"start":{"line":22,"column":51},"end":{"line":22,"column":120}},"type":"binary-expr","locations":[{"start":{"line":22,"column":51},"end":{"line":22,"column":61}},{"start":{"line":22,"column":65},"end":{"line":22,"column":120}}],"line":22},"2":{"loc":{"start":{"line":25,"column":50},"end":{"line":25,"column":123}},"type":"cond-expr","locations":[{"start":{"line":25,"column":76},"end":{"line":25,"column":118}},{"start":{"line":25,"column":121},"end":{"line":25,"column":123}}],"line":25},"3":{"loc":{"start":{"line":25,"column":50},"end":{"line":25,"column":73}},"type":"binary-expr","locations":[{"start":{"line":25,"column":50},"end":{"line":25,"column":59}},{"start":{"line":25,"column":63},"end":{"line":25,"column":73}}],"line":25},"4":{"loc":{"start":{"line":33,"column":10},"end":{"line":33,"column":46}},"type":"binary-expr","locations":[{"start":{"line":33,"column":10},"end":{"line":33,"column":16}},{"start":{"line":33,"column":20},"end":{"line":33,"column":46}}],"line":33}},"s":{"0":3,"1":0,"2":0,"3":0,"4":0,"5":0,"6":0,"7":0,"8":0,"9":0,"10":0,"11":0,"12":0,"13":0,"14":0},"f":{"0":0,"1":0,"2":0,"3":0,"4":0,"5":0,"6":0},"b":{"0":[0,0],"1":[0,0],"2":[0,0],"3":[0,0],"4":[0,0]},"_coverageSchema":"1a1c01bbd47fc00a2c39e90264f33305004495a9","hash":"2b9553999d3130b98d3f4024746670989b362a25"}
,"E:\\Futureproof\\goodREACTions\\client\\src\\pages\\Lobby\\index.jsx": {"path":"E:\\Futureproof\\goodREACTions\\client\\src\\pages\\Lobby\\index.jsx","statementMap":{"0":{"start":{"line":11,"column":14},"end":{"line":73,"column":1}},"1":{"start":{"line":13,"column":22},"end":{"line":13,"column":35}},"2":{"start":{"line":14,"column":50},"end":{"line":14,"column":55}},"3":{"start":{"line":16,"column":39},"end":{"line":16,"column":54}},"4":{"start":{"line":17,"column":43},"end":{"line":17,"column":58}},"5":{"start":{"line":18,"column":33},"end":{"line":18,"column":47}},"6":{"start":{"line":19,"column":43},"end":{"line":19,"column":56}},"7":{"start":{"line":20,"column":47},"end":{"line":20,"column":61}},"8":{"start":{"line":22,"column":18},"end":{"line":28,"column":5}},"9":{"start":{"line":30,"column":4},"end":{"line":38,"column":63}},"10":{"start":{"line":31,"column":8},"end":{"line":37,"column":9}},"11":{"start":{"line":42,"column":21},"end":{"line":42,"column":34}},"12":{"start":{"line":45,"column":8},"end":{"line":45,"column":27}},"13":{"start":{"line":46,"column":8},"end":{"line":46,"column":51}},"14":{"start":{"line":49,"column":4},"end":{"line":54,"column":6}},"15":{"start":{"line":50,"column":8},"end":{"line":50,"column":39}},"16":{"start":{"line":51,"column":8},"end":{"line":51,"column":41}},"17":{"start":{"line":53,"column":8},"end":{"line":53,"column":29}},"18":{"start":{"line":57,"column":8},"end":{"line":57,"column":21}},"19":{"start":{"line":60,"column":4},"end":{"line":71,"column":14}}},"fnMap":{"0":{"name":"(anonymous_0)","decl":{"start":{"line":11,"column":14},"end":{"line":11,"column":15}},"loc":{"start":{"line":11,"column":20},"end":{"line":73,"column":1}},"line":11},"1":{"name":"(anonymous_1)","decl":{"start":{"line":30,"column":14},"end":{"line":30,"column":15}},"loc":{"start":{"line":30,"column":20},"end":{"line":38,"column":5}},"line":30},"2":{"name":"startGame","decl":{"start":{"line":44,"column":13},"end":{"line":44,"column":22}},"loc":{"start":{"line":44,"column":25},"end":{"line":47,"column":5}},"line":44},"3":{"name":"(anonymous_3)","decl":{"start":{"line":49,"column":31},"end":{"line":49,"column":32}},"loc":{"start":{"line":49,"column":37},"end":{"line":54,"column":5}},"line":49},"4":{"name":"backToHome","decl":{"start":{"line":56,"column":13},"end":{"line":56,"column":23}},"loc":{"start":{"line":56,"column":26},"end":{"line":58,"column":5}},"line":56}},"branchMap":{},"s":{"0":3,"1":2,"2":2,"3":2,"4":2,"5":2,"6":2,"7":2,"8":2,"9":2,"10":2,"11":2,"12":1,"13":1,"14":2,"15":0,"16":0,"17":0,"18":0,"19":2},"f":{"0":2,"1":2,"2":1,"3":0,"4":0},"b":{},"_coverageSchema":"1a1c01bbd47fc00a2c39e90264f33305004495a9","hash":"6ad6a0e12cf1c7e9c8404e60c016adb7b79ddbc9"}
,"E:\\Futureproof\\goodREACTions\\client\\src\\pages\\Lobby\\components\\index.jsx": {"path":"E:\\Futureproof\\goodREACTions\\client\\src\\pages\\Lobby\\components\\index.jsx","statementMap":{},"fnMap":{},"branchMap":{},"s":{},"f":{},"b":{},"_coverageSchema":"1a1c01bbd47fc00a2c39e90264f33305004495a9","hash":"49de0ace99a95eb956197dadf06afe69c1afaa94"}
,"E:\\Futureproof\\goodREACTions\\client\\src\\pages\\Lobby\\components\\Options\\index.jsx": {"path":"E:\\Futureproof\\goodREACTions\\client\\src\\pages\\Lobby\\components\\Options\\index.jsx","statementMap":{"0":{"start":{"line":6,"column":28},"end":{"line":6,"column":42}},"1":{"start":{"line":7,"column":8},"end":{"line":7,"column":35}},"2":{"start":{"line":11,"column":30},"end":{"line":11,"column":44}},"3":{"start":{"line":12,"column":8},"end":{"line":12,"column":39}},"4":{"start":{"line":16,"column":25},"end":{"line":16,"column":39}},"5":{"start":{"line":17,"column":8},"end":{"line":17,"column":29}},"6":{"start":{"line":21,"column":30},"end":{"line":21,"column":44}},"7":{"start":{"line":22,"column":8},"end":{"line":22,"column":39}},"8":{"start":{"line":27,"column":32},"end":{"line":27,"column":46}},"9":{"start":{"line":28,"column":8},"end":{"line":28,"column":43}},"10":{"start":{"line":31,"column":4},"end":{"line":74,"column":18}}},"fnMap":{"0":{"name":"Options","decl":{"start":{"line":3,"column":9},"end":{"line":3,"column":16}},"loc":{"start":{"line":3,"column":163},"end":{"line":75,"column":1}},"line":3},"1":{"name":"setCategory","decl":{"start":{"line":5,"column":19},"end":{"line":5,"column":30}},"loc":{"start":{"line":5,"column":34},"end":{"line":8,"column":5}},"line":5},"2":{"name":"setDifficulty","decl":{"start":{"line":10,"column":13},"end":{"line":10,"column":26}},"loc":{"start":{"line":10,"column":30},"end":{"line":13,"column":5}},"line":10},"3":{"name":"setTimer","decl":{"start":{"line":15,"column":13},"end":{"line":15,"column":21}},"loc":{"start":{"line":15,"column":25},"end":{"line":18,"column":5}},"line":15},"4":{"name":"setMaxPlayers","decl":{"start":{"line":20,"column":13},"end":{"line":20,"column":26}},"loc":{"start":{"line":20,"column":30},"end":{"line":23,"column":5}},"line":20},"5":{"name":"setNumQuestions","decl":{"start":{"line":26,"column":13},"end":{"line":26,"column":28}},"loc":{"start":{"line":26,"column":32},"end":{"line":29,"column":5}},"line":26}},"branchMap":{},"s":{"0":0,"1":0,"2":0,"3":0,"4":0,"5":0,"6":0,"7":0,"8":0,"9":0,"10":3},"f":{"0":3,"1":0,"2":0,"3":0,"4":0,"5":0},"b":{},"_coverageSchema":"1a1c01bbd47fc00a2c39e90264f33305004495a9","hash":"76f87105934e0a9e7d40359288255547c05c1794"}
,"E:\\Futureproof\\goodREACTions\\client\\src\\pages\\Lobby\\components\\PlayerList\\index.jsx": {"path":"E:\\Futureproof\\goodREACTions\\client\\src\\pages\\Lobby\\components\\PlayerList\\index.jsx","statementMap":{"0":{"start":{"line":8,"column":39},"end":{"line":8,"column":61}},"1":{"start":{"line":10,"column":4},"end":{"line":13,"column":6}},"2":{"start":{"line":11,"column":8},"end":{"line":11,"column":35}},"3":{"start":{"line":12,"column":8},"end":{"line":12,"column":29}},"4":{"start":{"line":15,"column":4},"end":{"line":20,"column":10}},"5":{"start":{"line":16,"column":8},"end":{"line":16,"column":45}},"6":{"start":{"line":17,"column":8},"end":{"line":19,"column":10}},"7":{"start":{"line":18,"column":12},"end":{"line":18,"column":39}},"8":{"start":{"line":23,"column":4},"end":{"line":23,"column":38}},"9":{"start":{"line":25,"column":4},"end":{"line":31,"column":18}},"10":{"start":{"line":29,"column":47},"end":{"line":29,"column":70}}},"fnMap":{"0":{"name":"PlayerList","decl":{"start":{"line":6,"column":9},"end":{"line":6,"column":19}},"loc":{"start":{"line":6,"column":57},"end":{"line":32,"column":1}},"line":6},"1":{"name":"(anonymous_1)","decl":{"start":{"line":10,"column":29},"end":{"line":10,"column":30}},"loc":{"start":{"line":10,"column":46},"end":{"line":13,"column":5}},"line":10},"2":{"name":"(anonymous_2)","decl":{"start":{"line":15,"column":14},"end":{"line":15,"column":15}},"loc":{"start":{"line":15,"column":20},"end":{"line":20,"column":5}},"line":15},"3":{"name":"(anonymous_3)","decl":{"start":{"line":17,"column":36},"end":{"line":17,"column":37}},"loc":{"start":{"line":17,"column":53},"end":{"line":19,"column":9}},"line":17},"4":{"name":"(anonymous_4)","decl":{"start":{"line":29,"column":34},"end":{"line":29,"column":35}},"loc":{"start":{"line":29,"column":47},"end":{"line":29,"column":70}},"line":29}},"branchMap":{"0":{"loc":{"start":{"line":27,"column":21},"end":{"line":27,"column":64}},"type":"cond-expr","locations":[{"start":{"line":27,"column":45},"end":{"line":27,"column":60}},{"start":{"line":27,"column":63},"end":{"line":27,"column":64}}],"line":27}},"s":{"0":2,"1":2,"2":0,"3":0,"4":2,"5":2,"6":2,"7":0,"8":2,"9":2,"10":4},"f":{"0":2,"1":0,"2":2,"3":0,"4":4},"b":{"0":[2,0]},"_coverageSchema":"1a1c01bbd47fc00a2c39e90264f33305004495a9","hash":"9c564c3de257efdcbfbbbfcdcb8a2a41f8223c64"}
,"E:\\Futureproof\\goodREACTions\\client\\src\\pages\\Questionpage\\Index.jsx": {"path":"E:\\Futureproof\\goodREACTions\\client\\src\\pages\\Questionpage\\Index.jsx","statementMap":{"0":{"start":{"line":8,"column":36},"end":{"line":12,"column":4}},"1":{"start":{"line":15,"column":2},"end":{"line":66,"column":9}},"2":{"start":{"line":17,"column":6},"end":{"line":60,"column":7}},"3":{"start":{"line":18,"column":8},"end":{"line":18,"column":33}},"4":{"start":{"line":19,"column":20},"end":{"line":19,"column":73}},"5":{"start":{"line":20,"column":25},"end":{"line":20,"column":41}},"6":{"start":{"line":22,"column":8},"end":{"line":24,"column":9}},"7":{"start":{"line":23,"column":10},"end":{"line":23,"column":93}},"8":{"start":{"line":26,"column":21},"end":{"line":26,"column":42}},"9":{"start":{"line":27,"column":43},"end":{"line":27,"column":47}},"10":{"start":{"line":29,"column":8},"end":{"line":33,"column":9}},"11":{"start":{"line":30,"column":10},"end":{"line":30,"column":59}},"12":{"start":{"line":31,"column":15},"end":{"line":33,"column":9}},"13":{"start":{"line":32,"column":10},"end":{"line":32,"column":66}},"14":{"start":{"line":36,"column":31},"end":{"line":43,"column":10}},"15":{"start":{"line":37,"column":10},"end":{"line":42,"column":12}},"16":{"start":{"line":41,"column":73},"end":{"line":41,"column":93}},"17":{"start":{"line":46,"column":8},"end":{"line":50,"column":11}},"18":{"start":{"line":53,"column":8},"end":{"line":57,"column":11}},"19":{"start":{"line":59,"column":8},"end":{"line":59,"column":27}},"20":{"start":{"line":62,"column":4},"end":{"line":62,"column":14}},"21":{"start":{"line":68,"column":44},"end":{"line":68,"column":53}},"22":{"start":{"line":71,"column":2},"end":{"line":73,"column":45}},"23":{"start":{"line":71,"column":17},"end":{"line":71,"column":47}},"24":{"start":{"line":72,"column":7},"end":{"line":73,"column":45}},"25":{"start":{"line":72,"column":32},"end":{"line":72,"column":87}},"26":{"start":{"line":73,"column":7},"end":{"line":73,"column":45}},"27":{"start":{"line":75,"column":2},"end":{"line":75,"column":33}}},"fnMap":{"0":{"name":"QuestionPage","decl":{"start":{"line":7,"column":9},"end":{"line":7,"column":21}},"loc":{"start":{"line":7,"column":24},"end":{"line":76,"column":1}},"line":7},"1":{"name":"(anonymous_1)","decl":{"start":{"line":15,"column":12},"end":{"line":15,"column":13}},"loc":{"start":{"line":15,"column":18},"end":{"line":66,"column":3}},"line":15},"2":{"name":"getQuiz","decl":{"start":{"line":16,"column":19},"end":{"line":16,"column":26}},"loc":{"start":{"line":16,"column":29},"end":{"line":61,"column":5}},"line":16},"3":{"name":"(anonymous_3)","decl":{"start":{"line":36,"column":43},"end":{"line":36,"column":44}},"loc":{"start":{"line":36,"column":53},"end":{"line":43,"column":9}},"line":36},"4":{"name":"(anonymous_4)","decl":{"start":{"line":41,"column":58},"end":{"line":41,"column":59}},"loc":{"start":{"line":41,"column":73},"end":{"line":41,"column":93}},"line":41}},"branchMap":{"0":{"loc":{"start":{"line":22,"column":8},"end":{"line":24,"column":9}},"type":"if","locations":[{"start":{"line":22,"column":8},"end":{"line":24,"column":9}},{"start":{},"end":{}}],"line":22},"1":{"loc":{"start":{"line":29,"column":8},"end":{"line":33,"column":9}},"type":"if","locations":[{"start":{"line":29,"column":8},"end":{"line":33,"column":9}},{"start":{"line":31,"column":15},"end":{"line":33,"column":9}}],"line":29},"2":{"loc":{"start":{"line":31,"column":15},"end":{"line":33,"column":9}},"type":"if","locations":[{"start":{"line":31,"column":15},"end":{"line":33,"column":9}},{"start":{},"end":{}}],"line":31},"3":{"loc":{"start":{"line":71,"column":2},"end":{"line":73,"column":45}},"type":"if","locations":[{"start":{"line":71,"column":2},"end":{"line":73,"column":45}},{"start":{"line":72,"column":7},"end":{"line":73,"column":45}}],"line":71},"4":{"loc":{"start":{"line":72,"column":7},"end":{"line":73,"column":45}},"type":"if","locations":[{"start":{"line":72,"column":7},"end":{"line":73,"column":45}},{"start":{"line":73,"column":7},"end":{"line":73,"column":45}}],"line":72}},"s":{"0":0,"1":0,"2":0,"3":0,"4":0,"5":0,"6":0,"7":0,"8":0,"9":0,"10":0,"11":0,"12":0,"13":0,"14":0,"15":0,"16":0,"17":0,"18":0,"19":0,"20":0,"21":0,"22":0,"23":0,"24":0,"25":0,"26":0,"27":0},"f":{"0":0,"1":0,"2":0,"3":0,"4":0},"b":{"0":[0,0],"1":[0,0],"2":[0,0],"3":[0,0],"4":[0,0]},"_coverageSchema":"1a1c01bbd47fc00a2c39e90264f33305004495a9","hash":"4fa7bb390fc30f81752c2ad83ffc7b5d519f555a"}
,"E:\\Futureproof\\goodREACTions\\client\\src\\pages\\Questionpage\\fade-transition.jsx": {"path":"E:\\Futureproof\\goodREACTions\\client\\src\\pages\\Questionpage\\fade-transition.jsx","statementMap":{"0":{"start":{"line":10,"column":2},"end":{"line":10,"column":78}},"1":{"start":{"line":20,"column":2},"end":{"line":29,"column":4}}},"fnMap":{"0":{"name":"FadeWrapper","decl":{"start":{"line":9,"column":9},"end":{"line":9,"column":20}},"loc":{"start":{"line":9,"column":35},"end":{"line":11,"column":1}},"line":9},"1":{"name":"FadeTransition","decl":{"start":{"line":19,"column":9},"end":{"line":19,"column":23}},"loc":{"start":{"line":19,"column":38},"end":{"line":30,"column":1}},"line":19}},"branchMap":{},"s":{"0":0,"1":0},"f":{"0":0,"1":0},"b":{},"_coverageSchema":"1a1c01bbd47fc00a2c39e90264f33305004495a9","hash":"de51d9ff8cd4b082450b9aeb10a8b96eabdff3e9"}
,"E:\\Futureproof\\goodREACTions\\client\\src\\pages\\Questionpage\\game.jsx": {"path":"E:\\Futureproof\\goodREACTions\\client\\src\\pages\\Questionpage\\game.jsx","statementMap":{"0":{"start":{"line":8,"column":2},"end":{"line":11,"column":68}},"1":{"start":{"line":8,"column":29},"end":{"line":8,"column":38}},"2":{"start":{"line":9,"column":7},"end":{"line":11,"column":68}},"3":{"start":{"line":9,"column":36},"end":{"line":9,"column":45}},"4":{"start":{"line":10,"column":7},"end":{"line":11,"column":68}},"5":{"start":{"line":10,"column":34},"end":{"line":10,"column":43}},"6":{"start":{"line":11,"column":7},"end":{"line":11,"column":68}},"7":{"start":{"line":18,"column":36},"end":{"line":23,"column":4}},"8":{"start":{"line":25,"column":56},"end":{"line":25,"column":65}},"9":{"start":{"line":26,"column":25},"end":{"line":26,"column":40}},"10":{"start":{"line":27,"column":23},"end":{"line":27,"column":40}},"11":{"start":{"line":28,"column":28},"end":{"line":28,"column":66}},"12":{"start":{"line":30,"column":22},"end":{"line":37,"column":3}},"13":{"start":{"line":31,"column":4},"end":{"line":36,"column":7}},"14":{"start":{"line":39,"column":27},"end":{"line":46,"column":3}},"15":{"start":{"line":40,"column":4},"end":{"line":45,"column":5}},"16":{"start":{"line":41,"column":6},"end":{"line":41,"column":55}},"17":{"start":{"line":44,"column":6},"end":{"line":44,"column":67}},"18":{"start":{"line":48,"column":27},"end":{"line":56,"column":3}},"19":{"start":{"line":49,"column":23},"end":{"line":49,"column":60}},"20":{"start":{"line":50,"column":4},"end":{"line":55,"column":5}},"21":{"start":{"line":51,"column":6},"end":{"line":54,"column":9}},"22":{"start":{"line":60,"column":2},"end":{"line":85,"column":3}},"23":{"start":{"line":61,"column":4},"end":{"line":61,"column":26}},"24":{"start":{"line":62,"column":4},"end":{"line":69,"column":6}},"25":{"start":{"line":71,"column":4},"end":{"line":71,"column":26}},"26":{"start":{"line":72,"column":27},"end":{"line":72,"column":50}},"27":{"start":{"line":73,"column":72},"end":{"line":73,"column":86}},"28":{"start":{"line":74,"column":4},"end":{"line":84,"column":6}},"29":{"start":{"line":87,"column":2},"end":{"line":94,"column":4}}},"fnMap":{"0":{"name":"convertDifficultyToPoints","decl":{"start":{"line":7,"column":9},"end":{"line":7,"column":34}},"loc":{"start":{"line":7,"column":47},"end":{"line":12,"column":1}},"line":7},"1":{"name":"Game","decl":{"start":{"line":17,"column":9},"end":{"line":17,"column":13}},"loc":{"start":{"line":17,"column":30},"end":{"line":95,"column":1}},"line":17},"2":{"name":"(anonymous_2)","decl":{"start":{"line":30,"column":22},"end":{"line":30,"column":23}},"loc":{"start":{"line":30,"column":28},"end":{"line":37,"column":3}},"line":30},"3":{"name":"(anonymous_3)","decl":{"start":{"line":39,"column":27},"end":{"line":39,"column":28}},"loc":{"start":{"line":39,"column":33},"end":{"line":46,"column":3}},"line":39},"4":{"name":"(anonymous_4)","decl":{"start":{"line":48,"column":27},"end":{"line":48,"column":28}},"loc":{"start":{"line":48,"column":61},"end":{"line":56,"column":3}},"line":48}},"branchMap":{"0":{"loc":{"start":{"line":8,"column":2},"end":{"line":11,"column":68}},"type":"if","locations":[{"start":{"line":8,"column":2},"end":{"line":11,"column":68}},{"start":{"line":9,"column":7},"end":{"line":11,"column":68}}],"line":8},"1":{"loc":{"start":{"line":9,"column":7},"end":{"line":11,"column":68}},"type":"if","locations":[{"start":{"line":9,"column":7},"end":{"line":11,"column":68}},{"start":{"line":10,"column":7},"end":{"line":11,"column":68}}],"line":9},"2":{"loc":{"start":{"line":10,"column":7},"end":{"line":11,"column":68}},"type":"if","locations":[{"start":{"line":10,"column":7},"end":{"line":11,"column":68}},{"start":{"line":11,"column":7},"end":{"line":11,"column":68}}],"line":10},"3":{"loc":{"start":{"line":40,"column":4},"end":{"line":45,"column":5}},"type":"if","locations":[{"start":{"line":40,"column":4},"end":{"line":45,"column":5}},{"start":{"line":42,"column":11},"end":{"line":45,"column":5}}],"line":40},"4":{"loc":{"start":{"line":50,"column":4},"end":{"line":55,"column":5}},"type":"if","locations":[{"start":{"line":50,"column":4},"end":{"line":55,"column":5}},{"start":{},"end":{}}],"line":50},"5":{"loc":{"start":{"line":60,"column":2},"end":{"line":85,"column":3}},"type":"if","locations":[{"start":{"line":60,"column":2},"end":{"line":85,"column":3}},{"start":{"line":70,"column":9},"end":{"line":85,"column":3}}],"line":60}},"s":{"0":0,"1":0,"2":0,"3":0,"4":0,"5":0,"6":0,"7":0,"8":0,"9":0,"10":0,"11":0,"12":0,"13":0,"14":0,"15":0,"16":0,"17":0,"18":0,"19":0,"20":0,"21":0,"22":0,"23":0,"24":0,"25":0,"26":0,"27":0,"28":0,"29":0},"f":{"0":0,"1":0,"2":0,"3":0,"4":0},"b":{"0":[0,0],"1":[0,0],"2":[0,0],"3":[0,0],"4":[0,0],"5":[0,0]},"_coverageSchema":"1a1c01bbd47fc00a2c39e90264f33305004495a9","hash":"37a0341542930592c47363aa15a9398505ccd22b"}
,"E:\\Futureproof\\goodREACTions\\client\\src\\pages\\Questionpage\\stats.jsx": {"path":"E:\\Futureproof\\goodREACTions\\client\\src\\pages\\Questionpage\\stats.jsx","statementMap":{"0":{"start":{"line":4,"column":4},"end":{"line":9,"column":5}},"1":{"start":{"line":13,"column":4},"end":{"line":18,"column":6}}},"fnMap":{"0":{"name":"Stat","decl":{"start":{"line":3,"column":9},"end":{"line":3,"column":13}},"loc":{"start":{"line":3,"column":32},"end":{"line":10,"column":5}},"line":3},"1":{"name":"Stats","decl":{"start":{"line":12,"column":13},"end":{"line":12,"column":18}},"loc":{"start":{"line":12,"column":63},"end":{"line":19,"column":5}},"line":12}},"branchMap":{},"s":{"0":0,"1":0},"f":{"0":0,"1":0},"b":{},"_coverageSchema":"1a1c01bbd47fc00a2c39e90264f33305004495a9","hash":"350638b9abc1533fc1e4b7461a05ead7a97131db"}
,"E:\\Futureproof\\goodREACTions\\client\\src\\pages\\Questionpage\\trivia-item.jsx": {"path":"E:\\Futureproof\\goodREACTions\\client\\src\\pages\\Questionpage\\trivia-item.jsx","statementMap":{"0":{"start":{"line":13,"column":46},"end":{"line":13,"column":60}},"1":{"start":{"line":14,"column":26},"end":{"line":14,"column":49}},"2":{"start":{"line":17,"column":21},"end":{"line":17,"column":57}},"3":{"start":{"line":19,"column":28},"end":{"line":19,"column":63}},"4":{"start":{"line":19,"column":43},"end":{"line":19,"column":62}},"5":{"start":{"line":21,"column":28},"end":{"line":21,"column":74}},"6":{"start":{"line":22,"column":2},"end":{"line":22,"column":80}},"7":{"start":{"line":22,"column":24},"end":{"line":22,"column":80}},"8":{"start":{"line":24,"column":24},"end":{"line":31,"column":3}},"9":{"start":{"line":25,"column":25},"end":{"line":25,"column":47}},"10":{"start":{"line":26,"column":4},"end":{"line":26,"column":36}},"11":{"start":{"line":27,"column":29},"end":{"line":27,"column":59}},"12":{"start":{"line":28,"column":4},"end":{"line":29,"column":25}},"13":{"start":{"line":28,"column":26},"end":{"line":28,"column":40}},"14":{"start":{"line":29,"column":9},"end":{"line":29,"column":25}},"15":{"start":{"line":30,"column":4},"end":{"line":30,"column":51}},"16":{"start":{"line":33,"column":2},"end":{"line":65,"column":4}},"17":{"start":{"line":39,"column":26},"end":{"line":39,"column":47}},"18":{"start":{"line":40,"column":10},"end":{"line":50,"column":11}},"19":{"start":{"line":41,"column":37},"end":{"line":41,"column":62}},"20":{"start":{"line":42,"column":34},"end":{"line":42,"column":58}},"21":{"start":{"line":43,"column":12},"end":{"line":49,"column":13}},"22":{"start":{"line":44,"column":14},"end":{"line":44,"column":59}},"23":{"start":{"line":45,"column":19},"end":{"line":49,"column":13}},"24":{"start":{"line":46,"column":14},"end":{"line":46,"column":61}},"25":{"start":{"line":48,"column":14},"end":{"line":48,"column":60}},"26":{"start":{"line":52,"column":10},"end":{"line":58,"column":12}}},"fnMap":{"0":{"name":"TriviaItem","decl":{"start":{"line":5,"column":9},"end":{"line":5,"column":19}},"loc":{"start":{"line":12,"column":3},"end":{"line":66,"column":1}},"line":12},"1":{"name":"(anonymous_1)","decl":{"start":{"line":19,"column":37},"end":{"line":19,"column":38}},"loc":{"start":{"line":19,"column":43},"end":{"line":19,"column":62}},"line":19},"2":{"name":"(anonymous_2)","decl":{"start":{"line":24,"column":24},"end":{"line":24,"column":25}},"loc":{"start":{"line":24,"column":35},"end":{"line":31,"column":3}},"line":24},"3":{"name":"(anonymous_3)","decl":{"start":{"line":38,"column":29},"end":{"line":38,"column":30}},"loc":{"start":{"line":38,"column":44},"end":{"line":59,"column":9}},"line":38}},"branchMap":{"0":{"loc":{"start":{"line":22,"column":2},"end":{"line":22,"column":80}},"type":"if","locations":[{"start":{"line":22,"column":2},"end":{"line":22,"column":80}},{"start":{},"end":{}}],"line":22},"1":{"loc":{"start":{"line":28,"column":4},"end":{"line":29,"column":25}},"type":"if","locations":[{"start":{"line":28,"column":4},"end":{"line":29,"column":25}},{"start":{"line":29,"column":9},"end":{"line":29,"column":25}}],"line":28},"2":{"loc":{"start":{"line":40,"column":10},"end":{"line":50,"column":11}},"type":"if","locations":[{"start":{"line":40,"column":10},"end":{"line":50,"column":11}},{"start":{},"end":{}}],"line":40},"3":{"loc":{"start":{"line":43,"column":12},"end":{"line":49,"column":13}},"type":"if","locations":[{"start":{"line":43,"column":12},"end":{"line":49,"column":13}},{"start":{"line":45,"column":19},"end":{"line":49,"column":13}}],"line":43},"4":{"loc":{"start":{"line":43,"column":16},"end":{"line":43,"column":49}},"type":"binary-expr","locations":[{"start":{"line":43,"column":16},"end":{"line":43,"column":32}},{"start":{"line":43,"column":36},"end":{"line":43,"column":49}}],"line":43},"5":{"loc":{"start":{"line":45,"column":19},"end":{"line":49,"column":13}},"type":"if","locations":[{"start":{"line":45,"column":19},"end":{"line":49,"column":13}},{"start":{"line":47,"column":19},"end":{"line":49,"column":13}}],"line":45},"6":{"loc":{"start":{"line":45,"column":23},"end":{"line":45,"column":57}},"type":"binary-expr","locations":[{"start":{"line":45,"column":23},"end":{"line":45,"column":39}},{"start":{"line":45,"column":43},"end":{"line":45,"column":57}}],"line":45}},"s":{"0":0,"1":0,"2":0,"3":0,"4":0,"5":0,"6":0,"7":0,"8":0,"9":0,"10":0,"11":0,"12":0,"13":0,"14":0,"15":0,"16":0,"17":0,"18":0,"19":0,"20":0,"21":0,"22":0,"23":0,"24":0,"25":0,"26":0},"f":{"0":0,"1":0,"2":0,"3":0},"b":{"0":[0,0],"1":[0,0],"2":[0,0],"3":[0,0],"4":[0,0],"5":[0,0],"6":[0,0]},"_coverageSchema":"1a1c01bbd47fc00a2c39e90264f33305004495a9","hash":"efabca9af777a210173e9d7f561795deaa8ca959"}
,"E:\\Futureproof\\goodREACTions\\client\\src\\pages\\Questionpage\\utils\\error-message.jsx": {"path":"E:\\Futureproof\\goodREACTions\\client\\src\\pages\\Questionpage\\utils\\error-message.jsx","statementMap":{"0":{"start":{"line":4,"column":4},"end":{"line":4,"column":55}}},"fnMap":{"0":{"name":"ErrorMessage","decl":{"start":{"line":3,"column":9},"end":{"line":3,"column":21}},"loc":{"start":{"line":3,"column":36},"end":{"line":5,"column":3}},"line":3}},"branchMap":{},"s":{"0":0},"f":{"0":0},"b":{},"_coverageSchema":"1a1c01bbd47fc00a2c39e90264f33305004495a9","hash":"780879aba3841d6174ae9e62582a99c5b8bc0564"}
,"E:\\Futureproof\\goodREACTions\\client\\src\\pages\\Questionpage\\utils\\loading-spinner.jsx": {"path":"E:\\Futureproof\\goodREACTions\\client\\src\\pages\\Questionpage\\utils\\loading-spinner.jsx","statementMap":{"0":{"start":{"line":12,"column":8},"end":{"line":12,"column":13}},"1":{"start":{"line":14,"column":24},"end":{"line":21,"column":5}},"2":{"start":{"line":23,"column":4},"end":{"line":31,"column":6}}},"fnMap":{"0":{"name":"LoadingSpinner","decl":{"start":{"line":4,"column":9},"end":{"line":4,"column":23}},"loc":{"start":{"line":4,"column":31},"end":{"line":32,"column":3}},"line":4}},"branchMap":{"0":{"loc":{"start":{"line":6,"column":6},"end":{"line":6,"column":19}},"type":"default-arg","locations":[{"start":{"line":6,"column":13},"end":{"line":6,"column":19}}],"line":6},"1":{"loc":{"start":{"line":7,"column":6},"end":{"line":7,"column":27}},"type":"default-arg","locations":[{"start":{"line":7,"column":20},"end":{"line":7,"column":27}}],"line":7},"2":{"loc":{"start":{"line":8,"column":6},"end":{"line":8,"column":30}},"type":"default-arg","locations":[{"start":{"line":8,"column":21},"end":{"line":8,"column":30}}],"line":8},"3":{"loc":{"start":{"line":9,"column":6},"end":{"line":9,"column":47}},"type":"default-arg","locations":[{"start":{"line":9,"column":24},"end":{"line":9,"column":47}}],"line":9},"4":{"loc":{"start":{"line":10,"column":6},"end":{"line":10,"column":40}},"type":"default-arg","locations":[{"start":{"line":10,"column":28},"end":{"line":10,"column":40}}],"line":10},"5":{"loc":{"start":{"line":11,"column":6},"end":{"line":11,"column":16}},"type":"default-arg","locations":[{"start":{"line":11,"column":14},"end":{"line":11,"column":16}}],"line":11}},"s":{"0":0,"1":0,"2":0},"f":{"0":0},"b":{"0":[0],"1":[0],"2":[0],"3":[0],"4":[0],"5":[0]},"_coverageSchema":"1a1c01bbd47fc00a2c39e90264f33305004495a9","hash":"31dea40b72739cf396b4ae257b6aabb60fdff2ba"}
,"E:\\Futureproof\\goodREACTions\\client\\src\\pages\\Questionpage\\utils\\shuffle.jsx": {"path":"E:\\Futureproof\\goodREACTions\\client\\src\\pages\\Questionpage\\utils\\shuffle.jsx","statementMap":{"0":{"start":{"line":2,"column":26},"end":{"line":2,"column":36}},"1":{"start":{"line":3,"column":4},"end":{"line":8,"column":5}},"2":{"start":{"line":3,"column":17},"end":{"line":3,"column":41}},"3":{"start":{"line":4,"column":24},"end":{"line":4,"column":59}},"4":{"start":{"line":5,"column":19},"end":{"line":5,"column":35}},"5":{"start":{"line":6,"column":6},"end":{"line":6,"column":50}},"6":{"start":{"line":7,"column":6},"end":{"line":7,"column":38}},"7":{"start":{"line":9,"column":4},"end":{"line":9,"column":25}}},"fnMap":{"0":{"name":"shuffle","decl":{"start":{"line":1,"column":9},"end":{"line":1,"column":16}},"loc":{"start":{"line":1,"column":24},"end":{"line":10,"column":3}},"line":1}},"branchMap":{},"s":{"0":0,"1":0,"2":0,"3":0,"4":0,"5":0,"6":0,"7":0},"f":{"0":0},"b":{},"_coverageSchema":"1a1c01bbd47fc00a2c39e90264f33305004495a9","hash":"63a9ae400adaa3e37fdcc76bc2bac28a553c9938"}
}
