TN:
SF:src\App.jsx
FN:11,(anonymous_0)
FN:13,App
FN:16,(anonymous_2)
FN:17,(anonymous_3)
FN:19,(anonymous_4)
FN:19,(anonymous_5)
FNF:6
FNH:0
FNDA:0,(anonymous_0)
FNDA:0,App
FNDA:0,(anonymous_2)
FNDA:0,(anonymous_3)
FNDA:0,(anonymous_4)
FNDA:0,(anonymous_5)
DA:9,3
DA:11,3
DA:14,0
DA:16,0
DA:17,0
DA:18,0
DA:19,0
DA:20,0
DA:22,0
DA:26,0
DA:29,0
LF:11
LH:2
BRF:0
BRH:0
end_of_record
TN:
SF:src\components\Index.jsx
FNF:0
FNH:0
LF:0
LH:0
BRF:0
BRH:0
end_of_record
TN:
SF:src\components\Clock\index.jsx
FN:3,(anonymous_0)
FNF:1
FNH:0
FNDA:0,(anonymous_0)
DA:3,3
DA:4,0
LF:2
LH:1
BRF:0
BRH:0
end_of_record
TN:
SF:src\components\Header\index.jsx
FN:6,(anonymous_0)
FNF:1
FNH:0
FNDA:0,(anonymous_0)
DA:6,3
DA:7,0
LF:2
LH:1
BRF:0
BRH:0
end_of_record
TN:
SF:src\components\LeaderBoard\index.jsx
FN:3,(anonymous_0)
FNF:1
FNH:0
FNDA:0,(anonymous_0)
DA:3,3
DA:4,0
LF:2
LH:1
BRF:0
BRH:0
end_of_record
TN:
SF:src\components\Lifeline\index.jsx
FN:3,(anonymous_0)
FNF:1
FNH:0
FNDA:0,(anonymous_0)
DA:3,3
DA:4,0
LF:2
LH:1
BRF:0
BRH:0
end_of_record
TN:
SF:src\components\Logo\index.jsx
FN:3,(anonymous_0)
FNF:1
FNH:0
FNDA:0,(anonymous_0)
DA:3,3
DA:4,0
LF:2
LH:1
BRF:0
BRH:0
end_of_record
TN:
SF:src\components\NavBar\index.jsx
FN:6,(anonymous_0)
FN:11,(anonymous_1)
FNF:2
FNH:1
FNDA:2,(anonymous_0)
FNDA:0,(anonymous_1)
DA:6,4
DA:7,2
DA:8,2
DA:11,0
LF:4
LH:3
BRF:0
BRH:0
end_of_record
TN:
SF:src\components\Player\index.jsx
FN:3,(anonymous_0)
FNF:1
FNH:0
FNDA:0,(anonymous_0)
DA:3,3
DA:4,0
LF:2
LH:1
BRF:0
BRH:0
end_of_record
TN:
SF:src\components\Podium\index.jsx
FN:4,(anonymous_0)
FNF:1
FNH:0
FNDA:0,(anonymous_0)
DA:4,3
DA:5,0
LF:2
LH:1
BRDA:6,0,0,0
BRDA:6,0,1,0
BRDA:6,1,0,0
BRDA:6,1,1,0
BRF:4
BRH:0
end_of_record
TN:
SF:src\components\QuestionCounter\index.jsx
FN:3,(anonymous_0)
FNF:1
FNH:0
FNDA:0,(anonymous_0)
DA:3,3
DA:4,0
LF:2
LH:1
BRF:0
BRH:0
end_of_record
TN:
SF:src\components\RunnerUps\index.jsx
FN:3,(anonymous_0)
FNF:1
FNH:0
FNDA:0,(anonymous_0)
DA:3,3
DA:4,0
LF:2
LH:1
BRF:0
BRH:0
end_of_record
TN:
SF:src\context\index.jsx
FNF:0
FNH:0
DA:3,3
LF:1
LH:1
BRF:0
BRH:0
end_of_record
TN:
SF:src\pages\index.jsx
FNF:0
FNH:0
LF:0
LH:0
BRF:0
BRH:0
end_of_record
TN:
SF:src\pages\Homepage\index.jsx
FN:7,(anonymous_0)
FN:12,(anonymous_1)
FN:16,(anonymous_2)
FN:24,toLeaderboard
FN:28,(anonymous_4)
FN:37,createGame
FN:43,joinGame
FN:50,updateUsername
FN:54,updateLobbyId
FNF:9
FNH:1
FNDA:4,(anonymous_0)
FNDA:0,(anonymous_1)
FNDA:0,(anonymous_2)
FNDA:0,toLeaderboard
FNDA:0,(anonymous_4)
FNDA:0,createGame
FNDA:0,joinGame
FNDA:0,updateUsername
FNDA:0,updateLobbyId
DA:7,3
DA:9,4
DA:10,4
DA:12,4
DA:13,0
DA:16,4
DA:17,0
DA:22,4
DA:25,0
DA:28,4
DA:29,0
DA:30,0
DA:31,0
DA:39,0
DA:40,0
DA:44,0
DA:45,0
DA:51,0
DA:55,0
DA:58,4
LF:20
LH:8
BRF:0
BRH:0
end_of_record
TN:
SF:src\pages\Leaderboardpage\index.jsx
FN:6,(anonymous_0)
FN:7,(anonymous_1)
FN:11,(anonymous_2)
FN:17,(anonymous_3)
FN:18,(anonymous_4)
FN:22,(anonymous_5)
FN:25,(anonymous_6)
FNF:7
FNH:0
FNDA:0,(anonymous_0)
FNDA:0,(anonymous_1)
FNDA:0,(anonymous_2)
FNDA:0,(anonymous_3)
FNDA:0,(anonymous_4)
FNDA:0,(anonymous_5)
FNDA:0,(anonymous_6)
DA:6,3
DA:7,0
DA:8,0
DA:9,0
DA:11,0
DA:12,0
DA:13,0
DA:17,0
DA:18,0
DA:19,0
DA:22,0
DA:25,0
DA:31,0
LF:13
LH:1
BRDA:12,0,0,0
BRDA:12,0,1,0
BRDA:22,1,0,0
BRDA:22,1,1,0
BRDA:25,2,0,0
BRDA:25,2,1,0
BRDA:25,3,0,0
BRDA:25,3,1,0
BRDA:33,4,0,0
BRDA:33,4,1,0
BRF:10
BRH:0
end_of_record
TN:
SF:src\pages\Lobby\index.jsx
FN:11,(anonymous_0)
FN:30,(anonymous_1)
FN:44,startGame
FN:49,(anonymous_3)
FN:56,backToHome
FNF:5
FNH:3
FNDA:2,(anonymous_0)
FNDA:2,(anonymous_1)
FNDA:1,startGame
FNDA:0,(anonymous_3)
FNDA:0,backToHome
DA:11,3
DA:13,2
DA:14,2
DA:16,2
DA:17,2
DA:18,2
DA:19,2
DA:20,2
DA:22,2
DA:30,2
DA:31,2
DA:42,2
DA:45,1
DA:46,1
DA:49,2
DA:50,0
DA:51,0
DA:53,0
DA:57,0
DA:60,2
LF:20
LH:16
BRF:0
BRH:0
end_of_record
TN:
SF:src\pages\Lobby\components\index.jsx
FNF:0
FNH:0
LF:0
LH:0
BRF:0
BRH:0
end_of_record
TN:
SF:src\pages\Lobby\components\Options\index.jsx
FN:3,Options
FN:5,setCategory
FN:10,setDifficulty
FN:15,setTimer
FN:20,setMaxPlayers
FN:26,setNumQuestions
FNF:6
FNH:1
FNDA:3,Options
FNDA:0,setCategory
FNDA:0,setDifficulty
FNDA:0,setTimer
FNDA:0,setMaxPlayers
FNDA:0,setNumQuestions
DA:6,0
DA:7,0
DA:11,0
DA:12,0
DA:16,0
DA:17,0
DA:21,0
DA:22,0
DA:27,0
DA:28,0
DA:31,3
LF:11
LH:1
BRF:0
BRH:0
end_of_record
TN:
SF:src\pages\Lobby\components\PlayerList\index.jsx
FN:6,PlayerList
FN:10,(anonymous_1)
FN:15,(anonymous_2)
FN:17,(anonymous_3)
FN:29,(anonymous_4)
FNF:5
FNH:3
FNDA:2,PlayerList
FNDA:0,(anonymous_1)
FNDA:2,(anonymous_2)
FNDA:0,(anonymous_3)
FNDA:4,(anonymous_4)
DA:8,2
DA:10,2
DA:11,0
DA:12,0
DA:15,2
DA:16,2
DA:17,2
DA:18,0
DA:23,2
DA:25,2
DA:29,4
LF:11
LH:8
BRDA:27,0,0,2
BRDA:27,0,1,0
BRF:2
BRH:1
end_of_record
TN:
SF:src\pages\Questionpage\Index.jsx
FN:7,QuestionPage
FN:15,(anonymous_1)
FN:16,getQuiz
FN:36,(anonymous_3)
FN:41,(anonymous_4)
FNF:5
FNH:0
FNDA:0,QuestionPage
FNDA:0,(anonymous_1)
FNDA:0,getQuiz
FNDA:0,(anonymous_3)
FNDA:0,(anonymous_4)
DA:8,0
DA:15,0
DA:17,0
DA:18,0
DA:19,0
DA:20,0
DA:22,0
DA:23,0
DA:26,0
DA:27,0
DA:29,0
DA:30,0
DA:31,0
DA:32,0
DA:36,0
DA:37,0
DA:41,0
DA:46,0
DA:53,0
DA:59,0
DA:62,0
DA:68,0
DA:71,0
DA:72,0
DA:73,0
DA:75,0
LF:26
LH:0
BRDA:22,0,0,0
BRDA:22,0,1,0
BRDA:29,1,0,0
BRDA:29,1,1,0
BRDA:31,2,0,0
BRDA:31,2,1,0
BRDA:71,3,0,0
BRDA:71,3,1,0
BRDA:72,4,0,0
BRDA:72,4,1,0
BRF:10
BRH:0
end_of_record
TN:
SF:src\pages\Questionpage\fade-transition.jsx
FN:9,FadeWrapper
FN:19,FadeTransition
FNF:2
FNH:0
FNDA:0,FadeWrapper
FNDA:0,FadeTransition
DA:10,0
DA:20,0
LF:2
LH:0
BRF:0
BRH:0
end_of_record
TN:
SF:src\pages\Questionpage\game.jsx
FN:7,convertDifficultyToPoints
FN:17,Game
FN:30,(anonymous_2)
FN:39,(anonymous_3)
FN:48,(anonymous_4)
FNF:5
FNH:0
FNDA:0,convertDifficultyToPoints
FNDA:0,Game
FNDA:0,(anonymous_2)
FNDA:0,(anonymous_3)
FNDA:0,(anonymous_4)
DA:8,0
DA:9,0
DA:10,0
DA:11,0
DA:18,0
DA:25,0
DA:26,0
DA:27,0
DA:28,0
DA:30,0
DA:31,0
DA:39,0
DA:40,0
DA:41,0
DA:44,0
DA:48,0
DA:49,0
DA:50,0
DA:51,0
DA:60,0
DA:61,0
DA:62,0
DA:71,0
DA:72,0
DA:73,0
DA:74,0
DA:87,0
LF:27
LH:0
BRDA:8,0,0,0
BRDA:8,0,1,0
BRDA:9,1,0,0
BRDA:9,1,1,0
BRDA:10,2,0,0
BRDA:10,2,1,0
BRDA:40,3,0,0
BRDA:40,3,1,0
BRDA:50,4,0,0
BRDA:50,4,1,0
BRDA:60,5,0,0
BRDA:60,5,1,0
BRF:12
BRH:0
end_of_record
TN:
SF:src\pages\Questionpage\stats.jsx
FN:3,Stat
FN:12,Stats
FNF:2
FNH:0
FNDA:0,Stat
FNDA:0,Stats
DA:4,0
DA:13,0
LF:2
LH:0
BRF:0
BRH:0
end_of_record
TN:
SF:src\pages\Questionpage\trivia-item.jsx
FN:5,TriviaItem
FN:19,(anonymous_1)
FN:24,(anonymous_2)
FN:38,(anonymous_3)
FNF:4
FNH:0
FNDA:0,TriviaItem
FNDA:0,(anonymous_1)
FNDA:0,(anonymous_2)
FNDA:0,(anonymous_3)
DA:13,0
DA:14,0
DA:17,0
DA:19,0
DA:21,0
DA:22,0
DA:24,0
DA:25,0
DA:26,0
DA:27,0
DA:28,0
DA:29,0
DA:30,0
DA:33,0
DA:39,0
DA:40,0
DA:41,0
DA:42,0
DA:43,0
DA:44,0
DA:45,0
DA:46,0
DA:48,0
DA:52,0
LF:24
LH:0
BRDA:22,0,0,0
BRDA:22,0,1,0
BRDA:28,1,0,0
BRDA:28,1,1,0
BRDA:40,2,0,0
BRDA:40,2,1,0
BRDA:43,3,0,0
BRDA:43,3,1,0
BRDA:43,4,0,0
BRDA:43,4,1,0
BRDA:45,5,0,0
BRDA:45,5,1,0
BRDA:45,6,0,0
BRDA:45,6,1,0
BRF:14
BRH:0
end_of_record
TN:
SF:src\pages\Questionpage\utils\error-message.jsx
FN:3,ErrorMessage
FNF:1
FNH:0
FNDA:0,ErrorMessage
DA:4,0
LF:1
LH:0
BRF:0
BRH:0
end_of_record
TN:
SF:src\pages\Questionpage\utils\loading-spinner.jsx
FN:4,LoadingSpinner
FNF:1
FNH:0
FNDA:0,LoadingSpinner
DA:12,0
DA:14,0
DA:23,0
LF:3
LH:0
BRDA:6,0,0,0
BRDA:7,1,0,0
BRDA:8,2,0,0
BRDA:9,3,0,0
BRDA:10,4,0,0
BRDA:11,5,0,0
BRF:6
BRH:0
end_of_record
TN:
SF:src\pages\Questionpage\utils\shuffle.jsx
FN:1,shuffle
FNF:1
FNH:0
FNDA:0,shuffle
DA:2,0
DA:3,0
DA:4,0
DA:5,0
DA:6,0
DA:7,0
DA:9,0
LF:7
LH:0
BRF:0
BRH:0
end_of_record
